[INFO ] 2025-06-02 18:42:58.065 - [StartupInfoLogger.java:55] - Starting CryptofishApplication using Java 17.0.10 on DESKTOP-OCDPGF8 with PID 86316 (D:\projects\cryptofish_web\target\classes started by LENOVO in D:\projects\cryptofish_web)
[INFO ] 2025-06-02 18:42:58.065 - [StartupInfoLogger.java:55] - Starting CryptofishApplication using Java 17.0.10 on DESKTOP-OCDPGF8 with PID 86316 (D:\projects\cryptofish_web\target\classes started by LENOVO in D:\projects\cryptofish_web)
[DEBUG] 2025-06-02 18:42:58.162 - [StartupInfoLogger.java:56] - Running with Spring Boot v2.6.2, Spring v5.3.14
[DEBUG] 2025-06-02 18:42:58.162 - [StartupInfoLogger.java:56] - Running with Spring Boot v2.6.2, Spring v5.3.14
[INFO ] 2025-06-02 18:42:58.163 - [SpringApplication.java:639] - The following profiles are active: dev
[INFO ] 2025-06-02 18:42:58.163 - [SpringApplication.java:639] - The following profiles are active: dev
[INFO ] 2025-06-02 18:43:00.482 - [TomcatWebServer.java:108] - Tomcat initialized with port(s): 6901 (http)
[INFO ] 2025-06-02 18:43:00.500 - [DirectJDKLog.java:173] - Starting service [Tomcat]
[INFO ] 2025-06-02 18:43:00.501 - [DirectJDKLog.java:173] - Starting Servlet engine: [Apache Tomcat/9.0.56]
[INFO ] 2025-06-02 18:43:00.643 - [DirectJDKLog.java:173] - Initializing Spring embedded WebApplicationContext
[INFO ] 2025-06-02 18:43:00.643 - [ServletWebServerApplicationContext.java:290] - Root WebApplicationContext: initialization completed in 2325 ms
[DEBUG] 2025-06-02 18:43:00.737 - [GenericFilterBean.java:242] - Filter 'jwtRequestFilter' configured for use
[DEBUG] 2025-06-02 18:43:00.737 - [GenericFilterBean.java:242] - Filter 'jwtRequestFilter' configured for use
[INFO ] 2025-06-02 18:43:01.076 - [DefaultSecurityFilterChain.java:51] - Will secure any request with [org.springframework.security.web.context.request.async.WebAsyncManagerIntegrationFilter@21a02556, org.springframework.security.web.context.SecurityContextPersistenceFilter@3c854752, org.springframework.security.web.header.HeaderWriterFilter@55651434, org.springframework.security.web.authentication.logout.LogoutFilter@2152ab30, com.infominez.cryptofish.filter.JwtRequestFilter@54e3658c, org.springframework.security.web.savedrequest.RequestCacheAwareFilter@1a500561, org.springframework.security.web.servletapi.SecurityContextHolderAwareRequestFilter@4086d8fb, org.springframework.security.web.authentication.AnonymousAuthenticationFilter@3c8a7e38, org.springframework.security.web.session.SessionManagementFilter@ea52184, org.springframework.security.web.access.ExceptionTranslationFilter@4ed4a7e4, org.springframework.security.web.access.intercept.FilterSecurityInterceptor@13dbed9e]
[INFO ] 2025-06-02 18:43:01.464 - [TomcatWebServer.java:220] - Tomcat started on port(s): 6901 (http) with context path ''
[INFO ] 2025-06-02 18:43:01.476 - [StartupInfoLogger.java:61] - Started CryptofishApplication in 4.374 seconds (JVM running for 5.765)
[INFO ] 2025-06-02 18:43:01.476 - [StartupInfoLogger.java:61] - Started CryptofishApplication in 4.374 seconds (JVM running for 5.765)
[INFO ] 2025-06-02 18:43:03.397 - [DirectJDKLog.java:173] - Initializing Spring DispatcherServlet 'dispatcherServlet'
[INFO ] 2025-06-02 18:43:03.399 - [FrameworkServlet.java:525] - Initializing Servlet 'dispatcherServlet'
[INFO ] 2025-06-02 18:43:03.401 - [FrameworkServlet.java:547] - Completed initialization in 2 ms
[INFO ] 2025-06-02 18:43:11.873 - [CryptofishController.java:42] -  :- afterPayment() 0xc27e5b151f84e2a77ee90dda8b1d50fefd25aa4981dba679deaeb45dc18b8845
[INFO ] 2025-06-02 18:43:11.873 - [CryptofishController.java:42] -  :- afterPayment() 0xc27e5b151f84e2a77ee90dda8b1d50fefd25aa4981dba679deaeb45dc18b8845
[INFO ] 2025-06-02 18:43:11.902 - [CryptofishController.java:63] - Calling Ethereum RPC at https://ethereum.publicnode.com
[INFO ] 2025-06-02 18:43:11.902 - [CryptofishController.java:63] - Calling Ethereum RPC at https://ethereum.publicnode.com
[INFO ] 2025-06-02 18:44:00.320 - [CryptofishController.java:95] - getTxnDetail success
[INFO ] 2025-06-02 18:44:00.320 - [CryptofishController.java:95] - getTxnDetail success
[INFO ] 2025-06-02 18:44:07.273 - [CryptofishController.java:109] - gettxreceiptstatus success
[INFO ] 2025-06-02 18:44:07.273 - [CryptofishController.java:109] - gettxreceiptstatus success
[INFO ] 2025-06-02 18:44:39.110 - [CryptofishController.java:130] - token : 0x000000000000000000000000000000000000000000000000000000000000020c
[INFO ] 2025-06-02 18:44:39.110 - [CryptofishController.java:130] - token : 0x000000000000000000000000000000000000000000000000000000000000020c
[INFO ] 2025-06-02 18:44:40.324 - [CryptofishController.java:132] - tokenTemp : 524
[INFO ] 2025-06-02 18:44:40.324 - [CryptofishController.java:132] - tokenTemp : 524
[ERROR] 2025-06-02 18:44:58.497 - [CryptofishController.java:149] - Error in moving file of Token {} 
java.io.FileNotFoundException: \home\ubuntu\cryptofish_1655\json\524.json (The system cannot find the path specified)
	at java.base/java.io.FileInputStream.open0(Native Method)
	at java.base/java.io.FileInputStream.open(FileInputStream.java:216)
	at java.base/java.io.FileInputStream.<init>(FileInputStream.java:157)
	at com.fasterxml.jackson.core.JsonFactory.createParser(JsonFactory.java:1029)
	at com.fasterxml.jackson.databind.ObjectMapper.readTree(ObjectMapper.java:3109)
	at com.infominez.cryptofish.controller.CryptofishController.afterPayment(CryptofishController.java:135)
	at java.base/jdk.internal.reflect.NativeMethodAccessorImpl.invoke0(Native Method)
	at java.base/jdk.internal.reflect.NativeMethodAccessorImpl.invoke(NativeMethodAccessorImpl.java:77)
	at java.base/jdk.internal.reflect.DelegatingMethodAccessorImpl.invoke(DelegatingMethodAccessorImpl.java:43)
	at java.base/java.lang.reflect.Method.invoke(Method.java:568)
	at org.springframework.web.method.support.InvocableHandlerMethod.doInvoke(InvocableHandlerMethod.java:205)
	at org.springframework.web.method.support.InvocableHandlerMethod.invokeForRequest(InvocableHandlerMethod.java:150)
	at org.springframework.web.servlet.mvc.method.annotation.ServletInvocableHandlerMethod.invokeAndHandle(ServletInvocableHandlerMethod.java:117)
	at org.springframework.web.servlet.mvc.method.annotation.RequestMappingHandlerAdapter.invokeHandlerMethod(RequestMappingHandlerAdapter.java:895)
	at org.springframework.web.servlet.mvc.method.annotation.RequestMappingHandlerAdapter.handleInternal(RequestMappingHandlerAdapter.java:808)
	at org.springframework.web.servlet.mvc.method.AbstractHandlerMethodAdapter.handle(AbstractHandlerMethodAdapter.java:87)
	at org.springframework.web.servlet.DispatcherServlet.doDispatch(DispatcherServlet.java:1067)
	at org.springframework.web.servlet.DispatcherServlet.doService(DispatcherServlet.java:963)
	at org.springframework.web.servlet.FrameworkServlet.processRequest(FrameworkServlet.java:1006)
	at org.springframework.web.servlet.FrameworkServlet.doGet(FrameworkServlet.java:898)
	at javax.servlet.http.HttpServlet.service(HttpServlet.java:655)
	at org.springframework.web.servlet.FrameworkServlet.service(FrameworkServlet.java:883)
	at javax.servlet.http.HttpServlet.service(HttpServlet.java:764)
	at org.apache.catalina.core.ApplicationFilterChain.internalDoFilter(ApplicationFilterChain.java:227)
	at org.apache.catalina.core.ApplicationFilterChain.doFilter(ApplicationFilterChain.java:162)
	at org.apache.tomcat.websocket.server.WsFilter.doFilter(WsFilter.java:53)
	at org.apache.catalina.core.ApplicationFilterChain.internalDoFilter(ApplicationFilterChain.java:189)
	at org.apache.catalina.core.ApplicationFilterChain.doFilter(ApplicationFilterChain.java:162)
	at org.springframework.web.filter.OncePerRequestFilter.doFilter(OncePerRequestFilter.java:111)
	at org.apache.catalina.core.ApplicationFilterChain.internalDoFilter(ApplicationFilterChain.java:189)
	at org.apache.catalina.core.ApplicationFilterChain.doFilter(ApplicationFilterChain.java:162)
	at org.springframework.security.web.FilterChainProxy$VirtualFilterChain.doFilter(FilterChainProxy.java:327)
	at org.springframework.security.web.access.intercept.FilterSecurityInterceptor.invoke(FilterSecurityInterceptor.java:115)
	at org.springframework.security.web.access.intercept.FilterSecurityInterceptor.doFilter(FilterSecurityInterceptor.java:81)
	at org.springframework.security.web.FilterChainProxy$VirtualFilterChain.doFilter(FilterChainProxy.java:336)
	at org.springframework.security.web.access.ExceptionTranslationFilter.doFilter(ExceptionTranslationFilter.java:122)
	at org.springframework.security.web.access.ExceptionTranslationFilter.doFilter(ExceptionTranslationFilter.java:116)
	at org.springframework.security.web.FilterChainProxy$VirtualFilterChain.doFilter(FilterChainProxy.java:336)
	at org.springframework.security.web.session.SessionManagementFilter.doFilter(SessionManagementFilter.java:126)
	at org.springframework.security.web.session.SessionManagementFilter.doFilter(SessionManagementFilter.java:81)
	at org.springframework.security.web.FilterChainProxy$VirtualFilterChain.doFilter(FilterChainProxy.java:336)
	at org.springframework.security.web.authentication.AnonymousAuthenticationFilter.doFilter(AnonymousAuthenticationFilter.java:109)
	at org.springframework.security.web.FilterChainProxy$VirtualFilterChain.doFilter(FilterChainProxy.java:336)
	at org.springframework.security.web.servletapi.SecurityContextHolderAwareRequestFilter.doFilter(SecurityContextHolderAwareRequestFilter.java:149)
	at org.springframework.security.web.FilterChainProxy$VirtualFilterChain.doFilter(FilterChainProxy.java:336)
	at org.springframework.security.web.savedrequest.RequestCacheAwareFilter.doFilter(RequestCacheAwareFilter.java:63)
	at org.springframework.security.web.FilterChainProxy$VirtualFilterChain.doFilter(FilterChainProxy.java:336)
	at com.infominez.cryptofish.filter.JwtRequestFilter.doFilterInternal(JwtRequestFilter.java:40)
	at org.springframework.web.filter.OncePerRequestFilter.doFilter(OncePerRequestFilter.java:117)
	at org.springframework.security.web.FilterChainProxy$VirtualFilterChain.doFilter(FilterChainProxy.java:336)
	at org.springframework.security.web.authentication.logout.LogoutFilter.doFilter(LogoutFilter.java:103)
	at org.springframework.security.web.authentication.logout.LogoutFilter.doFilter(LogoutFilter.java:89)
	at org.springframework.security.web.FilterChainProxy$VirtualFilterChain.doFilter(FilterChainProxy.java:336)
	at org.springframework.security.web.header.HeaderWriterFilter.doHeadersAfter(HeaderWriterFilter.java:90)
	at org.springframework.security.web.header.HeaderWriterFilter.doFilterInternal(HeaderWriterFilter.java:75)
	at org.springframework.web.filter.OncePerRequestFilter.doFilter(OncePerRequestFilter.java:117)
	at org.springframework.security.web.FilterChainProxy$VirtualFilterChain.doFilter(FilterChainProxy.java:336)
	at org.springframework.security.web.context.SecurityContextPersistenceFilter.doFilter(SecurityContextPersistenceFilter.java:110)
	at org.springframework.security.web.context.SecurityContextPersistenceFilter.doFilter(SecurityContextPersistenceFilter.java:80)
	at org.springframework.security.web.FilterChainProxy$VirtualFilterChain.doFilter(FilterChainProxy.java:336)
	at org.springframework.security.web.context.request.async.WebAsyncManagerIntegrationFilter.doFilterInternal(WebAsyncManagerIntegrationFilter.java:55)
	at org.springframework.web.filter.OncePerRequestFilter.doFilter(OncePerRequestFilter.java:117)
	at org.springframework.security.web.FilterChainProxy$VirtualFilterChain.doFilter(FilterChainProxy.java:336)
	at org.springframework.security.web.FilterChainProxy.doFilterInternal(FilterChainProxy.java:211)
	at org.springframework.security.web.FilterChainProxy.doFilter(FilterChainProxy.java:183)
	at org.springframework.web.filter.DelegatingFilterProxy.invokeDelegate(DelegatingFilterProxy.java:354)
	at org.springframework.web.filter.DelegatingFilterProxy.doFilter(DelegatingFilterProxy.java:267)
	at org.apache.catalina.core.ApplicationFilterChain.internalDoFilter(ApplicationFilterChain.java:189)
	at org.apache.catalina.core.ApplicationFilterChain.doFilter(ApplicationFilterChain.java:162)
	at org.springframework.web.filter.RequestContextFilter.doFilterInternal(RequestContextFilter.java:100)
	at org.springframework.web.filter.OncePerRequestFilter.doFilter(OncePerRequestFilter.java:117)
	at org.apache.catalina.core.ApplicationFilterChain.internalDoFilter(ApplicationFilterChain.java:189)
	at org.apache.catalina.core.ApplicationFilterChain.doFilter(ApplicationFilterChain.java:162)
	at org.springframework.web.filter.FormContentFilter.doFilterInternal(FormContentFilter.java:93)
	at org.springframework.web.filter.OncePerRequestFilter.doFilter(OncePerRequestFilter.java:117)
	at org.apache.catalina.core.ApplicationFilterChain.internalDoFilter(ApplicationFilterChain.java:189)
	at org.apache.catalina.core.ApplicationFilterChain.doFilter(ApplicationFilterChain.java:162)
	at org.springframework.web.filter.CharacterEncodingFilter.doFilterInternal(CharacterEncodingFilter.java:201)
	at org.springframework.web.filter.OncePerRequestFilter.doFilter(OncePerRequestFilter.java:117)
	at org.apache.catalina.core.ApplicationFilterChain.internalDoFilter(ApplicationFilterChain.java:189)
	at org.apache.catalina.core.ApplicationFilterChain.doFilter(ApplicationFilterChain.java:162)
	at com.infominez.cryptofish.filter.RequestFilter.doFilter(RequestFilter.java:31)
	at org.apache.catalina.core.ApplicationFilterChain.internalDoFilter(ApplicationFilterChain.java:189)
	at org.apache.catalina.core.ApplicationFilterChain.doFilter(ApplicationFilterChain.java:162)
	at org.apache.catalina.core.StandardWrapperValve.invoke(StandardWrapperValve.java:197)
	at org.apache.catalina.core.StandardContextValve.invoke(StandardContextValve.java:97)
	at org.apache.catalina.authenticator.AuthenticatorBase.invoke(AuthenticatorBase.java:540)
	at org.apache.catalina.core.StandardHostValve.invoke(StandardHostValve.java:135)
	at org.apache.catalina.valves.ErrorReportValve.invoke(ErrorReportValve.java:92)
	at org.apache.catalina.core.StandardEngineValve.invoke(StandardEngineValve.java:78)
	at org.apache.catalina.connector.CoyoteAdapter.service(CoyoteAdapter.java:357)
	at org.apache.coyote.http11.Http11Processor.service(Http11Processor.java:382)
	at org.apache.coyote.AbstractProcessorLight.process(AbstractProcessorLight.java:65)
	at org.apache.coyote.AbstractProtocol$ConnectionHandler.process(AbstractProtocol.java:895)
	at org.apache.tomcat.util.net.NioEndpoint$SocketProcessor.doRun(NioEndpoint.java:1732)
	at org.apache.tomcat.util.net.SocketProcessorBase.run(SocketProcessorBase.java:49)
	at org.apache.tomcat.util.threads.ThreadPoolExecutor.runWorker(ThreadPoolExecutor.java:1191)
	at org.apache.tomcat.util.threads.ThreadPoolExecutor$Worker.run(ThreadPoolExecutor.java:659)
	at org.apache.tomcat.util.threads.TaskThread$WrappingRunnable.run(TaskThread.java:61)
	at java.base/java.lang.Thread.run(Thread.java:840)
[ERROR] 2025-06-02 18:44:58.497 - [CryptofishController.java:149] - Error in moving file of Token {} 
java.io.FileNotFoundException: \home\ubuntu\cryptofish_1655\json\524.json (The system cannot find the path specified)
	at java.base/java.io.FileInputStream.open0(Native Method)
	at java.base/java.io.FileInputStream.open(FileInputStream.java:216)
	at java.base/java.io.FileInputStream.<init>(FileInputStream.java:157)
	at com.fasterxml.jackson.core.JsonFactory.createParser(JsonFactory.java:1029)
	at com.fasterxml.jackson.databind.ObjectMapper.readTree(ObjectMapper.java:3109)
	at com.infominez.cryptofish.controller.CryptofishController.afterPayment(CryptofishController.java:135)
	at java.base/jdk.internal.reflect.NativeMethodAccessorImpl.invoke0(Native Method)
	at java.base/jdk.internal.reflect.NativeMethodAccessorImpl.invoke(NativeMethodAccessorImpl.java:77)
	at java.base/jdk.internal.reflect.DelegatingMethodAccessorImpl.invoke(DelegatingMethodAccessorImpl.java:43)
	at java.base/java.lang.reflect.Method.invoke(Method.java:568)
	at org.springframework.web.method.support.InvocableHandlerMethod.doInvoke(InvocableHandlerMethod.java:205)
	at org.springframework.web.method.support.InvocableHandlerMethod.invokeForRequest(InvocableHandlerMethod.java:150)
	at org.springframework.web.servlet.mvc.method.annotation.ServletInvocableHandlerMethod.invokeAndHandle(ServletInvocableHandlerMethod.java:117)
	at org.springframework.web.servlet.mvc.method.annotation.RequestMappingHandlerAdapter.invokeHandlerMethod(RequestMappingHandlerAdapter.java:895)
	at org.springframework.web.servlet.mvc.method.annotation.RequestMappingHandlerAdapter.handleInternal(RequestMappingHandlerAdapter.java:808)
	at org.springframework.web.servlet.mvc.method.AbstractHandlerMethodAdapter.handle(AbstractHandlerMethodAdapter.java:87)
	at org.springframework.web.servlet.DispatcherServlet.doDispatch(DispatcherServlet.java:1067)
	at org.springframework.web.servlet.DispatcherServlet.doService(DispatcherServlet.java:963)
	at org.springframework.web.servlet.FrameworkServlet.processRequest(FrameworkServlet.java:1006)
	at org.springframework.web.servlet.FrameworkServlet.doGet(FrameworkServlet.java:898)
	at javax.servlet.http.HttpServlet.service(HttpServlet.java:655)
	at org.springframework.web.servlet.FrameworkServlet.service(FrameworkServlet.java:883)
	at javax.servlet.http.HttpServlet.service(HttpServlet.java:764)
	at org.apache.catalina.core.ApplicationFilterChain.internalDoFilter(ApplicationFilterChain.java:227)
	at org.apache.catalina.core.ApplicationFilterChain.doFilter(ApplicationFilterChain.java:162)
	at org.apache.tomcat.websocket.server.WsFilter.doFilter(WsFilter.java:53)
	at org.apache.catalina.core.ApplicationFilterChain.internalDoFilter(ApplicationFilterChain.java:189)
	at org.apache.catalina.core.ApplicationFilterChain.doFilter(ApplicationFilterChain.java:162)
	at org.springframework.web.filter.OncePerRequestFilter.doFilter(OncePerRequestFilter.java:111)
	at org.apache.catalina.core.ApplicationFilterChain.internalDoFilter(ApplicationFilterChain.java:189)
	at org.apache.catalina.core.ApplicationFilterChain.doFilter(ApplicationFilterChain.java:162)
	at org.springframework.security.web.FilterChainProxy$VirtualFilterChain.doFilter(FilterChainProxy.java:327)
	at org.springframework.security.web.access.intercept.FilterSecurityInterceptor.invoke(FilterSecurityInterceptor.java:115)
	at org.springframework.security.web.access.intercept.FilterSecurityInterceptor.doFilter(FilterSecurityInterceptor.java:81)
	at org.springframework.security.web.FilterChainProxy$VirtualFilterChain.doFilter(FilterChainProxy.java:336)
	at org.springframework.security.web.access.ExceptionTranslationFilter.doFilter(ExceptionTranslationFilter.java:122)
	at org.springframework.security.web.access.ExceptionTranslationFilter.doFilter(ExceptionTranslationFilter.java:116)
	at org.springframework.security.web.FilterChainProxy$VirtualFilterChain.doFilter(FilterChainProxy.java:336)
	at org.springframework.security.web.session.SessionManagementFilter.doFilter(SessionManagementFilter.java:126)
	at org.springframework.security.web.session.SessionManagementFilter.doFilter(SessionManagementFilter.java:81)
	at org.springframework.security.web.FilterChainProxy$VirtualFilterChain.doFilter(FilterChainProxy.java:336)
	at org.springframework.security.web.authentication.AnonymousAuthenticationFilter.doFilter(AnonymousAuthenticationFilter.java:109)
	at org.springframework.security.web.FilterChainProxy$VirtualFilterChain.doFilter(FilterChainProxy.java:336)
	at org.springframework.security.web.servletapi.SecurityContextHolderAwareRequestFilter.doFilter(SecurityContextHolderAwareRequestFilter.java:149)
	at org.springframework.security.web.FilterChainProxy$VirtualFilterChain.doFilter(FilterChainProxy.java:336)
	at org.springframework.security.web.savedrequest.RequestCacheAwareFilter.doFilter(RequestCacheAwareFilter.java:63)
	at org.springframework.security.web.FilterChainProxy$VirtualFilterChain.doFilter(FilterChainProxy.java:336)
	at com.infominez.cryptofish.filter.JwtRequestFilter.doFilterInternal(JwtRequestFilter.java:40)
	at org.springframework.web.filter.OncePerRequestFilter.doFilter(OncePerRequestFilter.java:117)
	at org.springframework.security.web.FilterChainProxy$VirtualFilterChain.doFilter(FilterChainProxy.java:336)
	at org.springframework.security.web.authentication.logout.LogoutFilter.doFilter(LogoutFilter.java:103)
	at org.springframework.security.web.authentication.logout.LogoutFilter.doFilter(LogoutFilter.java:89)
	at org.springframework.security.web.FilterChainProxy$VirtualFilterChain.doFilter(FilterChainProxy.java:336)
	at org.springframework.security.web.header.HeaderWriterFilter.doHeadersAfter(HeaderWriterFilter.java:90)
	at org.springframework.security.web.header.HeaderWriterFilter.doFilterInternal(HeaderWriterFilter.java:75)
	at org.springframework.web.filter.OncePerRequestFilter.doFilter(OncePerRequestFilter.java:117)
	at org.springframework.security.web.FilterChainProxy$VirtualFilterChain.doFilter(FilterChainProxy.java:336)
	at org.springframework.security.web.context.SecurityContextPersistenceFilter.doFilter(SecurityContextPersistenceFilter.java:110)
	at org.springframework.security.web.context.SecurityContextPersistenceFilter.doFilter(SecurityContextPersistenceFilter.java:80)
	at org.springframework.security.web.FilterChainProxy$VirtualFilterChain.doFilter(FilterChainProxy.java:336)
	at org.springframework.security.web.context.request.async.WebAsyncManagerIntegrationFilter.doFilterInternal(WebAsyncManagerIntegrationFilter.java:55)
	at org.springframework.web.filter.OncePerRequestFilter.doFilter(OncePerRequestFilter.java:117)
	at org.springframework.security.web.FilterChainProxy$VirtualFilterChain.doFilter(FilterChainProxy.java:336)
	at org.springframework.security.web.FilterChainProxy.doFilterInternal(FilterChainProxy.java:211)
	at org.springframework.security.web.FilterChainProxy.doFilter(FilterChainProxy.java:183)
	at org.springframework.web.filter.DelegatingFilterProxy.invokeDelegate(DelegatingFilterProxy.java:354)
	at org.springframework.web.filter.DelegatingFilterProxy.doFilter(DelegatingFilterProxy.java:267)
	at org.apache.catalina.core.ApplicationFilterChain.internalDoFilter(ApplicationFilterChain.java:189)
	at org.apache.catalina.core.ApplicationFilterChain.doFilter(ApplicationFilterChain.java:162)
	at org.springframework.web.filter.RequestContextFilter.doFilterInternal(RequestContextFilter.java:100)
	at org.springframework.web.filter.OncePerRequestFilter.doFilter(OncePerRequestFilter.java:117)
	at org.apache.catalina.core.ApplicationFilterChain.internalDoFilter(ApplicationFilterChain.java:189)
	at org.apache.catalina.core.ApplicationFilterChain.doFilter(ApplicationFilterChain.java:162)
	at org.springframework.web.filter.FormContentFilter.doFilterInternal(FormContentFilter.java:93)
	at org.springframework.web.filter.OncePerRequestFilter.doFilter(OncePerRequestFilter.java:117)
	at org.apache.catalina.core.ApplicationFilterChain.internalDoFilter(ApplicationFilterChain.java:189)
	at org.apache.catalina.core.ApplicationFilterChain.doFilter(ApplicationFilterChain.java:162)
	at org.springframework.web.filter.CharacterEncodingFilter.doFilterInternal(CharacterEncodingFilter.java:201)
	at org.springframework.web.filter.OncePerRequestFilter.doFilter(OncePerRequestFilter.java:117)
	at org.apache.catalina.core.ApplicationFilterChain.internalDoFilter(ApplicationFilterChain.java:189)
	at org.apache.catalina.core.ApplicationFilterChain.doFilter(ApplicationFilterChain.java:162)
	at com.infominez.cryptofish.filter.RequestFilter.doFilter(RequestFilter.java:31)
	at org.apache.catalina.core.ApplicationFilterChain.internalDoFilter(ApplicationFilterChain.java:189)
	at org.apache.catalina.core.ApplicationFilterChain.doFilter(ApplicationFilterChain.java:162)
	at org.apache.catalina.core.StandardWrapperValve.invoke(StandardWrapperValve.java:197)
	at org.apache.catalina.core.StandardContextValve.invoke(StandardContextValve.java:97)
	at org.apache.catalina.authenticator.AuthenticatorBase.invoke(AuthenticatorBase.java:540)
	at org.apache.catalina.core.StandardHostValve.invoke(StandardHostValve.java:135)
	at org.apache.catalina.valves.ErrorReportValve.invoke(ErrorReportValve.java:92)
	at org.apache.catalina.core.StandardEngineValve.invoke(StandardEngineValve.java:78)
	at org.apache.catalina.connector.CoyoteAdapter.service(CoyoteAdapter.java:357)
	at org.apache.coyote.http11.Http11Processor.service(Http11Processor.java:382)
	at org.apache.coyote.AbstractProcessorLight.process(AbstractProcessorLight.java:65)
	at org.apache.coyote.AbstractProtocol$ConnectionHandler.process(AbstractProtocol.java:895)
	at org.apache.tomcat.util.net.NioEndpoint$SocketProcessor.doRun(NioEndpoint.java:1732)
	at org.apache.tomcat.util.net.SocketProcessorBase.run(SocketProcessorBase.java:49)
	at org.apache.tomcat.util.threads.ThreadPoolExecutor.runWorker(ThreadPoolExecutor.java:1191)
	at org.apache.tomcat.util.threads.ThreadPoolExecutor$Worker.run(ThreadPoolExecutor.java:659)
	at org.apache.tomcat.util.threads.TaskThread$WrappingRunnable.run(TaskThread.java:61)
	at java.base/java.lang.Thread.run(Thread.java:840)
[INFO ] 2025-06-02 18:44:58.532 - [CryptofishController.java:130] - token : 
[INFO ] 2025-06-02 18:44:58.532 - [CryptofishController.java:130] - token : 
[INFO ] 2025-06-02 18:44:58.543 - [CryptofishController.java:132] - tokenTemp : 0
[INFO ] 2025-06-02 18:44:58.543 - [CryptofishController.java:132] - tokenTemp : 0
[ERROR] 2025-06-02 18:44:58.635 - [CryptofishController.java:149] - Error in moving file of Token {} 
java.io.FileNotFoundException: \home\ubuntu\cryptofish_1655\json\0.json (The system cannot find the path specified)
	at java.base/java.io.FileInputStream.open0(Native Method)
	at java.base/java.io.FileInputStream.open(FileInputStream.java:216)
	at java.base/java.io.FileInputStream.<init>(FileInputStream.java:157)
	at com.fasterxml.jackson.core.JsonFactory.createParser(JsonFactory.java:1029)
	at com.fasterxml.jackson.databind.ObjectMapper.readTree(ObjectMapper.java:3109)
	at com.infominez.cryptofish.controller.CryptofishController.afterPayment(CryptofishController.java:135)
	at java.base/jdk.internal.reflect.NativeMethodAccessorImpl.invoke0(Native Method)
	at java.base/jdk.internal.reflect.NativeMethodAccessorImpl.invoke(NativeMethodAccessorImpl.java:77)
	at java.base/jdk.internal.reflect.DelegatingMethodAccessorImpl.invoke(DelegatingMethodAccessorImpl.java:43)
	at java.base/java.lang.reflect.Method.invoke(Method.java:568)
	at org.springframework.web.method.support.InvocableHandlerMethod.doInvoke(InvocableHandlerMethod.java:205)
	at org.springframework.web.method.support.InvocableHandlerMethod.invokeForRequest(InvocableHandlerMethod.java:150)
	at org.springframework.web.servlet.mvc.method.annotation.ServletInvocableHandlerMethod.invokeAndHandle(ServletInvocableHandlerMethod.java:117)
	at org.springframework.web.servlet.mvc.method.annotation.RequestMappingHandlerAdapter.invokeHandlerMethod(RequestMappingHandlerAdapter.java:895)
	at org.springframework.web.servlet.mvc.method.annotation.RequestMappingHandlerAdapter.handleInternal(RequestMappingHandlerAdapter.java:808)
	at org.springframework.web.servlet.mvc.method.AbstractHandlerMethodAdapter.handle(AbstractHandlerMethodAdapter.java:87)
	at org.springframework.web.servlet.DispatcherServlet.doDispatch(DispatcherServlet.java:1067)
	at org.springframework.web.servlet.DispatcherServlet.doService(DispatcherServlet.java:963)
	at org.springframework.web.servlet.FrameworkServlet.processRequest(FrameworkServlet.java:1006)
	at org.springframework.web.servlet.FrameworkServlet.doGet(FrameworkServlet.java:898)
	at javax.servlet.http.HttpServlet.service(HttpServlet.java:655)
	at org.springframework.web.servlet.FrameworkServlet.service(FrameworkServlet.java:883)
	at javax.servlet.http.HttpServlet.service(HttpServlet.java:764)
	at org.apache.catalina.core.ApplicationFilterChain.internalDoFilter(ApplicationFilterChain.java:227)
	at org.apache.catalina.core.ApplicationFilterChain.doFilter(ApplicationFilterChain.java:162)
	at org.apache.tomcat.websocket.server.WsFilter.doFilter(WsFilter.java:53)
	at org.apache.catalina.core.ApplicationFilterChain.internalDoFilter(ApplicationFilterChain.java:189)
	at org.apache.catalina.core.ApplicationFilterChain.doFilter(ApplicationFilterChain.java:162)
	at org.springframework.web.filter.OncePerRequestFilter.doFilter(OncePerRequestFilter.java:111)
	at org.apache.catalina.core.ApplicationFilterChain.internalDoFilter(ApplicationFilterChain.java:189)
	at org.apache.catalina.core.ApplicationFilterChain.doFilter(ApplicationFilterChain.java:162)
	at org.springframework.security.web.FilterChainProxy$VirtualFilterChain.doFilter(FilterChainProxy.java:327)
	at org.springframework.security.web.access.intercept.FilterSecurityInterceptor.invoke(FilterSecurityInterceptor.java:115)
	at org.springframework.security.web.access.intercept.FilterSecurityInterceptor.doFilter(FilterSecurityInterceptor.java:81)
	at org.springframework.security.web.FilterChainProxy$VirtualFilterChain.doFilter(FilterChainProxy.java:336)
	at org.springframework.security.web.access.ExceptionTranslationFilter.doFilter(ExceptionTranslationFilter.java:122)
	at org.springframework.security.web.access.ExceptionTranslationFilter.doFilter(ExceptionTranslationFilter.java:116)
	at org.springframework.security.web.FilterChainProxy$VirtualFilterChain.doFilter(FilterChainProxy.java:336)
	at org.springframework.security.web.session.SessionManagementFilter.doFilter(SessionManagementFilter.java:126)
	at org.springframework.security.web.session.SessionManagementFilter.doFilter(SessionManagementFilter.java:81)
	at org.springframework.security.web.FilterChainProxy$VirtualFilterChain.doFilter(FilterChainProxy.java:336)
	at org.springframework.security.web.authentication.AnonymousAuthenticationFilter.doFilter(AnonymousAuthenticationFilter.java:109)
	at org.springframework.security.web.FilterChainProxy$VirtualFilterChain.doFilter(FilterChainProxy.java:336)
	at org.springframework.security.web.servletapi.SecurityContextHolderAwareRequestFilter.doFilter(SecurityContextHolderAwareRequestFilter.java:149)
	at org.springframework.security.web.FilterChainProxy$VirtualFilterChain.doFilter(FilterChainProxy.java:336)
	at org.springframework.security.web.savedrequest.RequestCacheAwareFilter.doFilter(RequestCacheAwareFilter.java:63)
	at org.springframework.security.web.FilterChainProxy$VirtualFilterChain.doFilter(FilterChainProxy.java:336)
	at com.infominez.cryptofish.filter.JwtRequestFilter.doFilterInternal(JwtRequestFilter.java:40)
	at org.springframework.web.filter.OncePerRequestFilter.doFilter(OncePerRequestFilter.java:117)
	at org.springframework.security.web.FilterChainProxy$VirtualFilterChain.doFilter(FilterChainProxy.java:336)
	at org.springframework.security.web.authentication.logout.LogoutFilter.doFilter(LogoutFilter.java:103)
	at org.springframework.security.web.authentication.logout.LogoutFilter.doFilter(LogoutFilter.java:89)
	at org.springframework.security.web.FilterChainProxy$VirtualFilterChain.doFilter(FilterChainProxy.java:336)
	at org.springframework.security.web.header.HeaderWriterFilter.doHeadersAfter(HeaderWriterFilter.java:90)
	at org.springframework.security.web.header.HeaderWriterFilter.doFilterInternal(HeaderWriterFilter.java:75)
	at org.springframework.web.filter.OncePerRequestFilter.doFilter(OncePerRequestFilter.java:117)
	at org.springframework.security.web.FilterChainProxy$VirtualFilterChain.doFilter(FilterChainProxy.java:336)
	at org.springframework.security.web.context.SecurityContextPersistenceFilter.doFilter(SecurityContextPersistenceFilter.java:110)
	at org.springframework.security.web.context.SecurityContextPersistenceFilter.doFilter(SecurityContextPersistenceFilter.java:80)
	at org.springframework.security.web.FilterChainProxy$VirtualFilterChain.doFilter(FilterChainProxy.java:336)
	at org.springframework.security.web.context.request.async.WebAsyncManagerIntegrationFilter.doFilterInternal(WebAsyncManagerIntegrationFilter.java:55)
	at org.springframework.web.filter.OncePerRequestFilter.doFilter(OncePerRequestFilter.java:117)
	at org.springframework.security.web.FilterChainProxy$VirtualFilterChain.doFilter(FilterChainProxy.java:336)
	at org.springframework.security.web.FilterChainProxy.doFilterInternal(FilterChainProxy.java:211)
	at org.springframework.security.web.FilterChainProxy.doFilter(FilterChainProxy.java:183)
	at org.springframework.web.filter.DelegatingFilterProxy.invokeDelegate(DelegatingFilterProxy.java:354)
	at org.springframework.web.filter.DelegatingFilterProxy.doFilter(DelegatingFilterProxy.java:267)
	at org.apache.catalina.core.ApplicationFilterChain.internalDoFilter(ApplicationFilterChain.java:189)
	at org.apache.catalina.core.ApplicationFilterChain.doFilter(ApplicationFilterChain.java:162)
	at org.springframework.web.filter.RequestContextFilter.doFilterInternal(RequestContextFilter.java:100)
	at org.springframework.web.filter.OncePerRequestFilter.doFilter(OncePerRequestFilter.java:117)
	at org.apache.catalina.core.ApplicationFilterChain.internalDoFilter(ApplicationFilterChain.java:189)
	at org.apache.catalina.core.ApplicationFilterChain.doFilter(ApplicationFilterChain.java:162)
	at org.springframework.web.filter.FormContentFilter.doFilterInternal(FormContentFilter.java:93)
	at org.springframework.web.filter.OncePerRequestFilter.doFilter(OncePerRequestFilter.java:117)
	at org.apache.catalina.core.ApplicationFilterChain.internalDoFilter(ApplicationFilterChain.java:189)
	at org.apache.catalina.core.ApplicationFilterChain.doFilter(ApplicationFilterChain.java:162)
	at org.springframework.web.filter.CharacterEncodingFilter.doFilterInternal(CharacterEncodingFilter.java:201)
	at org.springframework.web.filter.OncePerRequestFilter.doFilter(OncePerRequestFilter.java:117)
	at org.apache.catalina.core.ApplicationFilterChain.internalDoFilter(ApplicationFilterChain.java:189)
	at org.apache.catalina.core.ApplicationFilterChain.doFilter(ApplicationFilterChain.java:162)
	at com.infominez.cryptofish.filter.RequestFilter.doFilter(RequestFilter.java:31)
	at org.apache.catalina.core.ApplicationFilterChain.internalDoFilter(ApplicationFilterChain.java:189)
	at org.apache.catalina.core.ApplicationFilterChain.doFilter(ApplicationFilterChain.java:162)
	at org.apache.catalina.core.StandardWrapperValve.invoke(StandardWrapperValve.java:197)
	at org.apache.catalina.core.StandardContextValve.invoke(StandardContextValve.java:97)
	at org.apache.catalina.authenticator.AuthenticatorBase.invoke(AuthenticatorBase.java:540)
	at org.apache.catalina.core.StandardHostValve.invoke(StandardHostValve.java:135)
	at org.apache.catalina.valves.ErrorReportValve.invoke(ErrorReportValve.java:92)
	at org.apache.catalina.core.StandardEngineValve.invoke(StandardEngineValve.java:78)
	at org.apache.catalina.connector.CoyoteAdapter.service(CoyoteAdapter.java:357)
	at org.apache.coyote.http11.Http11Processor.service(Http11Processor.java:382)
	at org.apache.coyote.AbstractProcessorLight.process(AbstractProcessorLight.java:65)
	at org.apache.coyote.AbstractProtocol$ConnectionHandler.process(AbstractProtocol.java:895)
	at org.apache.tomcat.util.net.NioEndpoint$SocketProcessor.doRun(NioEndpoint.java:1732)
	at org.apache.tomcat.util.net.SocketProcessorBase.run(SocketProcessorBase.java:49)
	at org.apache.tomcat.util.threads.ThreadPoolExecutor.runWorker(ThreadPoolExecutor.java:1191)
	at org.apache.tomcat.util.threads.ThreadPoolExecutor$Worker.run(ThreadPoolExecutor.java:659)
	at org.apache.tomcat.util.threads.TaskThread$WrappingRunnable.run(TaskThread.java:61)
	at java.base/java.lang.Thread.run(Thread.java:840)
[ERROR] 2025-06-02 18:44:58.635 - [CryptofishController.java:149] - Error in moving file of Token {} 
java.io.FileNotFoundException: \home\ubuntu\cryptofish_1655\json\0.json (The system cannot find the path specified)
	at java.base/java.io.FileInputStream.open0(Native Method)
	at java.base/java.io.FileInputStream.open(FileInputStream.java:216)
	at java.base/java.io.FileInputStream.<init>(FileInputStream.java:157)
	at com.fasterxml.jackson.core.JsonFactory.createParser(JsonFactory.java:1029)
	at com.fasterxml.jackson.databind.ObjectMapper.readTree(ObjectMapper.java:3109)
	at com.infominez.cryptofish.controller.CryptofishController.afterPayment(CryptofishController.java:135)
	at java.base/jdk.internal.reflect.NativeMethodAccessorImpl.invoke0(Native Method)
	at java.base/jdk.internal.reflect.NativeMethodAccessorImpl.invoke(NativeMethodAccessorImpl.java:77)
	at java.base/jdk.internal.reflect.DelegatingMethodAccessorImpl.invoke(DelegatingMethodAccessorImpl.java:43)
	at java.base/java.lang.reflect.Method.invoke(Method.java:568)
	at org.springframework.web.method.support.InvocableHandlerMethod.doInvoke(InvocableHandlerMethod.java:205)
	at org.springframework.web.method.support.InvocableHandlerMethod.invokeForRequest(InvocableHandlerMethod.java:150)
	at org.springframework.web.servlet.mvc.method.annotation.ServletInvocableHandlerMethod.invokeAndHandle(ServletInvocableHandlerMethod.java:117)
	at org.springframework.web.servlet.mvc.method.annotation.RequestMappingHandlerAdapter.invokeHandlerMethod(RequestMappingHandlerAdapter.java:895)
	at org.springframework.web.servlet.mvc.method.annotation.RequestMappingHandlerAdapter.handleInternal(RequestMappingHandlerAdapter.java:808)
	at org.springframework.web.servlet.mvc.method.AbstractHandlerMethodAdapter.handle(AbstractHandlerMethodAdapter.java:87)
	at org.springframework.web.servlet.DispatcherServlet.doDispatch(DispatcherServlet.java:1067)
	at org.springframework.web.servlet.DispatcherServlet.doService(DispatcherServlet.java:963)
	at org.springframework.web.servlet.FrameworkServlet.processRequest(FrameworkServlet.java:1006)
	at org.springframework.web.servlet.FrameworkServlet.doGet(FrameworkServlet.java:898)
	at javax.servlet.http.HttpServlet.service(HttpServlet.java:655)
	at org.springframework.web.servlet.FrameworkServlet.service(FrameworkServlet.java:883)
	at javax.servlet.http.HttpServlet.service(HttpServlet.java:764)
	at org.apache.catalina.core.ApplicationFilterChain.internalDoFilter(ApplicationFilterChain.java:227)
	at org.apache.catalina.core.ApplicationFilterChain.doFilter(ApplicationFilterChain.java:162)
	at org.apache.tomcat.websocket.server.WsFilter.doFilter(WsFilter.java:53)
	at org.apache.catalina.core.ApplicationFilterChain.internalDoFilter(ApplicationFilterChain.java:189)
	at org.apache.catalina.core.ApplicationFilterChain.doFilter(ApplicationFilterChain.java:162)
	at org.springframework.web.filter.OncePerRequestFilter.doFilter(OncePerRequestFilter.java:111)
	at org.apache.catalina.core.ApplicationFilterChain.internalDoFilter(ApplicationFilterChain.java:189)
	at org.apache.catalina.core.ApplicationFilterChain.doFilter(ApplicationFilterChain.java:162)
	at org.springframework.security.web.FilterChainProxy$VirtualFilterChain.doFilter(FilterChainProxy.java:327)
	at org.springframework.security.web.access.intercept.FilterSecurityInterceptor.invoke(FilterSecurityInterceptor.java:115)
	at org.springframework.security.web.access.intercept.FilterSecurityInterceptor.doFilter(FilterSecurityInterceptor.java:81)
	at org.springframework.security.web.FilterChainProxy$VirtualFilterChain.doFilter(FilterChainProxy.java:336)
	at org.springframework.security.web.access.ExceptionTranslationFilter.doFilter(ExceptionTranslationFilter.java:122)
	at org.springframework.security.web.access.ExceptionTranslationFilter.doFilter(ExceptionTranslationFilter.java:116)
	at org.springframework.security.web.FilterChainProxy$VirtualFilterChain.doFilter(FilterChainProxy.java:336)
	at org.springframework.security.web.session.SessionManagementFilter.doFilter(SessionManagementFilter.java:126)
	at org.springframework.security.web.session.SessionManagementFilter.doFilter(SessionManagementFilter.java:81)
	at org.springframework.security.web.FilterChainProxy$VirtualFilterChain.doFilter(FilterChainProxy.java:336)
	at org.springframework.security.web.authentication.AnonymousAuthenticationFilter.doFilter(AnonymousAuthenticationFilter.java:109)
	at org.springframework.security.web.FilterChainProxy$VirtualFilterChain.doFilter(FilterChainProxy.java:336)
	at org.springframework.security.web.servletapi.SecurityContextHolderAwareRequestFilter.doFilter(SecurityContextHolderAwareRequestFilter.java:149)
	at org.springframework.security.web.FilterChainProxy$VirtualFilterChain.doFilter(FilterChainProxy.java:336)
	at org.springframework.security.web.savedrequest.RequestCacheAwareFilter.doFilter(RequestCacheAwareFilter.java:63)
	at org.springframework.security.web.FilterChainProxy$VirtualFilterChain.doFilter(FilterChainProxy.java:336)
	at com.infominez.cryptofish.filter.JwtRequestFilter.doFilterInternal(JwtRequestFilter.java:40)
	at org.springframework.web.filter.OncePerRequestFilter.doFilter(OncePerRequestFilter.java:117)
	at org.springframework.security.web.FilterChainProxy$VirtualFilterChain.doFilter(FilterChainProxy.java:336)
	at org.springframework.security.web.authentication.logout.LogoutFilter.doFilter(LogoutFilter.java:103)
	at org.springframework.security.web.authentication.logout.LogoutFilter.doFilter(LogoutFilter.java:89)
	at org.springframework.security.web.FilterChainProxy$VirtualFilterChain.doFilter(FilterChainProxy.java:336)
	at org.springframework.security.web.header.HeaderWriterFilter.doHeadersAfter(HeaderWriterFilter.java:90)
	at org.springframework.security.web.header.HeaderWriterFilter.doFilterInternal(HeaderWriterFilter.java:75)
	at org.springframework.web.filter.OncePerRequestFilter.doFilter(OncePerRequestFilter.java:117)
	at org.springframework.security.web.FilterChainProxy$VirtualFilterChain.doFilter(FilterChainProxy.java:336)
	at org.springframework.security.web.context.SecurityContextPersistenceFilter.doFilter(SecurityContextPersistenceFilter.java:110)
	at org.springframework.security.web.context.SecurityContextPersistenceFilter.doFilter(SecurityContextPersistenceFilter.java:80)
	at org.springframework.security.web.FilterChainProxy$VirtualFilterChain.doFilter(FilterChainProxy.java:336)
	at org.springframework.security.web.context.request.async.WebAsyncManagerIntegrationFilter.doFilterInternal(WebAsyncManagerIntegrationFilter.java:55)
	at org.springframework.web.filter.OncePerRequestFilter.doFilter(OncePerRequestFilter.java:117)
	at org.springframework.security.web.FilterChainProxy$VirtualFilterChain.doFilter(FilterChainProxy.java:336)
	at org.springframework.security.web.FilterChainProxy.doFilterInternal(FilterChainProxy.java:211)
	at org.springframework.security.web.FilterChainProxy.doFilter(FilterChainProxy.java:183)
	at org.springframework.web.filter.DelegatingFilterProxy.invokeDelegate(DelegatingFilterProxy.java:354)
	at org.springframework.web.filter.DelegatingFilterProxy.doFilter(DelegatingFilterProxy.java:267)
	at org.apache.catalina.core.ApplicationFilterChain.internalDoFilter(ApplicationFilterChain.java:189)
	at org.apache.catalina.core.ApplicationFilterChain.doFilter(ApplicationFilterChain.java:162)
	at org.springframework.web.filter.RequestContextFilter.doFilterInternal(RequestContextFilter.java:100)
	at org.springframework.web.filter.OncePerRequestFilter.doFilter(OncePerRequestFilter.java:117)
	at org.apache.catalina.core.ApplicationFilterChain.internalDoFilter(ApplicationFilterChain.java:189)
	at org.apache.catalina.core.ApplicationFilterChain.doFilter(ApplicationFilterChain.java:162)
	at org.springframework.web.filter.FormContentFilter.doFilterInternal(FormContentFilter.java:93)
	at org.springframework.web.filter.OncePerRequestFilter.doFilter(OncePerRequestFilter.java:117)
	at org.apache.catalina.core.ApplicationFilterChain.internalDoFilter(ApplicationFilterChain.java:189)
	at org.apache.catalina.core.ApplicationFilterChain.doFilter(ApplicationFilterChain.java:162)
	at org.springframework.web.filter.CharacterEncodingFilter.doFilterInternal(CharacterEncodingFilter.java:201)
	at org.springframework.web.filter.OncePerRequestFilter.doFilter(OncePerRequestFilter.java:117)
	at org.apache.catalina.core.ApplicationFilterChain.internalDoFilter(ApplicationFilterChain.java:189)
	at org.apache.catalina.core.ApplicationFilterChain.doFilter(ApplicationFilterChain.java:162)
	at com.infominez.cryptofish.filter.RequestFilter.doFilter(RequestFilter.java:31)
	at org.apache.catalina.core.ApplicationFilterChain.internalDoFilter(ApplicationFilterChain.java:189)
	at org.apache.catalina.core.ApplicationFilterChain.doFilter(ApplicationFilterChain.java:162)
	at org.apache.catalina.core.StandardWrapperValve.invoke(StandardWrapperValve.java:197)
	at org.apache.catalina.core.StandardContextValve.invoke(StandardContextValve.java:97)
	at org.apache.catalina.authenticator.AuthenticatorBase.invoke(AuthenticatorBase.java:540)
	at org.apache.catalina.core.StandardHostValve.invoke(StandardHostValve.java:135)
	at org.apache.catalina.valves.ErrorReportValve.invoke(ErrorReportValve.java:92)
	at org.apache.catalina.core.StandardEngineValve.invoke(StandardEngineValve.java:78)
	at org.apache.catalina.connector.CoyoteAdapter.service(CoyoteAdapter.java:357)
	at org.apache.coyote.http11.Http11Processor.service(Http11Processor.java:382)
	at org.apache.coyote.AbstractProcessorLight.process(AbstractProcessorLight.java:65)
	at org.apache.coyote.AbstractProtocol$ConnectionHandler.process(AbstractProtocol.java:895)
	at org.apache.tomcat.util.net.NioEndpoint$SocketProcessor.doRun(NioEndpoint.java:1732)
	at org.apache.tomcat.util.net.SocketProcessorBase.run(SocketProcessorBase.java:49)
	at org.apache.tomcat.util.threads.ThreadPoolExecutor.runWorker(ThreadPoolExecutor.java:1191)
	at org.apache.tomcat.util.threads.ThreadPoolExecutor$Worker.run(ThreadPoolExecutor.java:659)
	at org.apache.tomcat.util.threads.TaskThread$WrappingRunnable.run(TaskThread.java:61)
	at java.base/java.lang.Thread.run(Thread.java:840)
[INFO ] 2025-06-02 18:45:11.417 - [StartupInfoLogger.java:55] - Starting CryptofishApplication using Java 17.0.10 on DESKTOP-OCDPGF8 with PID 86408 (D:\projects\cryptofish_web\target\classes started by LENOVO in D:\projects\cryptofish_web)
[INFO ] 2025-06-02 18:45:11.417 - [StartupInfoLogger.java:55] - Starting CryptofishApplication using Java 17.0.10 on DESKTOP-OCDPGF8 with PID 86408 (D:\projects\cryptofish_web\target\classes started by LENOVO in D:\projects\cryptofish_web)
[DEBUG] 2025-06-02 18:45:11.423 - [StartupInfoLogger.java:56] - Running with Spring Boot v2.6.2, Spring v5.3.14
[DEBUG] 2025-06-02 18:45:11.423 - [StartupInfoLogger.java:56] - Running with Spring Boot v2.6.2, Spring v5.3.14
[INFO ] 2025-06-02 18:45:11.424 - [SpringApplication.java:639] - The following profiles are active: dev
[INFO ] 2025-06-02 18:45:11.424 - [SpringApplication.java:639] - The following profiles are active: dev
[INFO ] 2025-06-02 18:45:13.251 - [TomcatWebServer.java:108] - Tomcat initialized with port(s): 6901 (http)
[INFO ] 2025-06-02 18:45:13.265 - [DirectJDKLog.java:173] - Starting service [Tomcat]
[INFO ] 2025-06-02 18:45:13.265 - [DirectJDKLog.java:173] - Starting Servlet engine: [Apache Tomcat/9.0.56]
[INFO ] 2025-06-02 18:45:13.397 - [DirectJDKLog.java:173] - Initializing Spring embedded WebApplicationContext
[INFO ] 2025-06-02 18:45:13.397 - [ServletWebServerApplicationContext.java:290] - Root WebApplicationContext: initialization completed in 1872 ms
[DEBUG] 2025-06-02 18:45:13.482 - [GenericFilterBean.java:242] - Filter 'jwtRequestFilter' configured for use
[DEBUG] 2025-06-02 18:45:13.482 - [GenericFilterBean.java:242] - Filter 'jwtRequestFilter' configured for use
[INFO ] 2025-06-02 18:45:13.797 - [DefaultSecurityFilterChain.java:51] - Will secure any request with [org.springframework.security.web.context.request.async.WebAsyncManagerIntegrationFilter@3fb9a67f, org.springframework.security.web.context.SecurityContextPersistenceFilter@29b40b3, org.springframework.security.web.header.HeaderWriterFilter@7ff19c33, org.springframework.security.web.authentication.logout.LogoutFilter@210d2a6c, com.infominez.cryptofish.filter.JwtRequestFilter@102ecc22, org.springframework.security.web.savedrequest.RequestCacheAwareFilter@656f62dc, org.springframework.security.web.servletapi.SecurityContextHolderAwareRequestFilter@5a8c93, org.springframework.security.web.authentication.AnonymousAuthenticationFilter@127705e4, org.springframework.security.web.session.SessionManagementFilter@329548d0, org.springframework.security.web.access.ExceptionTranslationFilter@724b939e, org.springframework.security.web.access.intercept.FilterSecurityInterceptor@44be69aa]
[INFO ] 2025-06-02 18:45:14.274 - [TomcatWebServer.java:220] - Tomcat started on port(s): 6901 (http) with context path ''
[INFO ] 2025-06-02 18:45:14.291 - [StartupInfoLogger.java:61] - Started CryptofishApplication in 3.759 seconds (JVM running for 4.994)
[INFO ] 2025-06-02 18:45:14.291 - [StartupInfoLogger.java:61] - Started CryptofishApplication in 3.759 seconds (JVM running for 4.994)
[INFO ] 2025-06-02 18:45:19.943 - [DirectJDKLog.java:173] - Initializing Spring DispatcherServlet 'dispatcherServlet'
[INFO ] 2025-06-02 18:45:19.943 - [FrameworkServlet.java:525] - Initializing Servlet 'dispatcherServlet'
[INFO ] 2025-06-02 18:45:19.945 - [FrameworkServlet.java:547] - Completed initialization in 1 ms
[INFO ] 2025-06-02 18:45:22.052 - [CryptofishController.java:42] -  :- afterPayment() 0xc27e5b151f84e2a77ee90dda8b1d50fefd25aa4981dba679deaeb45dc18b8845
[INFO ] 2025-06-02 18:45:22.052 - [CryptofishController.java:42] -  :- afterPayment() 0xc27e5b151f84e2a77ee90dda8b1d50fefd25aa4981dba679deaeb45dc18b8845
[INFO ] 2025-06-02 18:45:22.072 - [CryptofishController.java:63] - Calling Ethereum RPC at https://ethereum.publicnode.com
[INFO ] 2025-06-02 18:45:22.072 - [CryptofishController.java:63] - Calling Ethereum RPC at https://ethereum.publicnode.com
[INFO ] 2025-06-02 18:45:27.734 - [CryptofishController.java:95] - getTxnDetail success
[INFO ] 2025-06-02 18:45:27.734 - [CryptofishController.java:95] - getTxnDetail success
[INFO ] 2025-06-02 18:45:33.392 - [CryptofishController.java:109] - gettxreceiptstatus success
[INFO ] 2025-06-02 18:45:33.392 - [CryptofishController.java:109] - gettxreceiptstatus success
[INFO ] 2025-06-02 18:45:42.438 - [CryptofishController.java:130] - token : 0x000000000000000000000000000000000000000000000000000000000000020c
[INFO ] 2025-06-02 18:45:42.438 - [CryptofishController.java:130] - token : 0x000000000000000000000000000000000000000000000000000000000000020c
[INFO ] 2025-06-02 18:45:43.455 - [CryptofishController.java:132] - tokenTemp : 524
[INFO ] 2025-06-02 18:45:43.455 - [CryptofishController.java:132] - tokenTemp : 524
[INFO ] 2025-06-02 18:47:20.069 - [CryptofishController.java:130] - token : 
[INFO ] 2025-06-02 18:47:20.069 - [CryptofishController.java:130] - token : 
[INFO ] 2025-06-02 18:47:20.075 - [CryptofishController.java:132] - tokenTemp : 0
[INFO ] 2025-06-02 18:47:20.075 - [CryptofishController.java:132] - tokenTemp : 0
[INFO ] 2025-06-02 18:47:30.154 - [StartupInfoLogger.java:55] - Starting CryptofishApplication using Java 17.0.10 on DESKTOP-OCDPGF8 with PID 88416 (D:\projects\cryptofish_web\target\classes started by LENOVO in D:\projects\cryptofish_web)
[INFO ] 2025-06-02 18:47:30.154 - [StartupInfoLogger.java:55] - Starting CryptofishApplication using Java 17.0.10 on DESKTOP-OCDPGF8 with PID 88416 (D:\projects\cryptofish_web\target\classes started by LENOVO in D:\projects\cryptofish_web)
[DEBUG] 2025-06-02 18:47:30.161 - [StartupInfoLogger.java:56] - Running with Spring Boot v2.6.2, Spring v5.3.14
[DEBUG] 2025-06-02 18:47:30.161 - [StartupInfoLogger.java:56] - Running with Spring Boot v2.6.2, Spring v5.3.14
[INFO ] 2025-06-02 18:47:30.163 - [SpringApplication.java:639] - The following profiles are active: dev
[INFO ] 2025-06-02 18:47:30.163 - [SpringApplication.java:639] - The following profiles are active: dev
[INFO ] 2025-06-02 18:47:31.654 - [TomcatWebServer.java:108] - Tomcat initialized with port(s): 6901 (http)
[INFO ] 2025-06-02 18:47:31.667 - [DirectJDKLog.java:173] - Starting service [Tomcat]
[INFO ] 2025-06-02 18:47:31.667 - [DirectJDKLog.java:173] - Starting Servlet engine: [Apache Tomcat/9.0.56]
[INFO ] 2025-06-02 18:47:31.769 - [DirectJDKLog.java:173] - Initializing Spring embedded WebApplicationContext
[INFO ] 2025-06-02 18:47:31.770 - [ServletWebServerApplicationContext.java:290] - Root WebApplicationContext: initialization completed in 1503 ms
[DEBUG] 2025-06-02 18:47:31.834 - [GenericFilterBean.java:242] - Filter 'jwtRequestFilter' configured for use
[DEBUG] 2025-06-02 18:47:31.834 - [GenericFilterBean.java:242] - Filter 'jwtRequestFilter' configured for use
[INFO ] 2025-06-02 18:47:32.114 - [DefaultSecurityFilterChain.java:51] - Will secure any request with [org.springframework.security.web.context.request.async.WebAsyncManagerIntegrationFilter@340d6d89, org.springframework.security.web.context.SecurityContextPersistenceFilter@1a3e8e24, org.springframework.security.web.header.HeaderWriterFilter@4d1ff6b1, org.springframework.security.web.authentication.logout.LogoutFilter@355c94be, com.infominez.cryptofish.filter.JwtRequestFilter@d109c4f, org.springframework.security.web.savedrequest.RequestCacheAwareFilter@1c7350b0, org.springframework.security.web.servletapi.SecurityContextHolderAwareRequestFilter@2b0dc227, org.springframework.security.web.authentication.AnonymousAuthenticationFilter@561953e3, org.springframework.security.web.session.SessionManagementFilter@3bed3315, org.springframework.security.web.access.ExceptionTranslationFilter@3dc95b8b, org.springframework.security.web.access.intercept.FilterSecurityInterceptor@5562c2c9]
[INFO ] 2025-06-02 18:47:32.463 - [TomcatWebServer.java:220] - Tomcat started on port(s): 6901 (http) with context path ''
[INFO ] 2025-06-02 18:47:32.476 - [StartupInfoLogger.java:61] - Started CryptofishApplication in 3.111 seconds (JVM running for 4.762)
[INFO ] 2025-06-02 18:47:32.476 - [StartupInfoLogger.java:61] - Started CryptofishApplication in 3.111 seconds (JVM running for 4.762)
[INFO ] 2025-06-02 18:47:43.338 - [DirectJDKLog.java:173] - Initializing Spring DispatcherServlet 'dispatcherServlet'
[INFO ] 2025-06-02 18:47:43.338 - [FrameworkServlet.java:525] - Initializing Servlet 'dispatcherServlet'
[INFO ] 2025-06-02 18:47:43.340 - [FrameworkServlet.java:547] - Completed initialization in 1 ms
[INFO ] 2025-06-02 18:47:45.933 - [CryptofishController.java:42] -  :- afterPayment() 0xc27e5b151f84e2a77ee90dda8b1d50fefd25aa4981dba679deaeb45dc18b8845
[INFO ] 2025-06-02 18:47:45.933 - [CryptofishController.java:42] -  :- afterPayment() 0xc27e5b151f84e2a77ee90dda8b1d50fefd25aa4981dba679deaeb45dc18b8845
[INFO ] 2025-06-02 18:47:45.959 - [CryptofishController.java:63] - Calling Ethereum RPC at https://ethereum.publicnode.com
[INFO ] 2025-06-02 18:47:45.959 - [CryptofishController.java:63] - Calling Ethereum RPC at https://ethereum.publicnode.com
[INFO ] 2025-06-02 18:47:57.454 - [CryptofishController.java:95] - getTxnDetail success
[INFO ] 2025-06-02 18:47:57.454 - [CryptofishController.java:95] - getTxnDetail success
[INFO ] 2025-06-02 18:47:57.455 - [CryptofishController.java:109] - gettxreceiptstatus success
[INFO ] 2025-06-02 18:47:57.455 - [CryptofishController.java:109] - gettxreceiptstatus success
[INFO ] 2025-06-02 18:48:00.177 - [CryptofishController.java:130] - token : 0x000000000000000000000000000000000000000000000000000000000000020c
[INFO ] 2025-06-02 18:48:00.177 - [CryptofishController.java:130] - token : 0x000000000000000000000000000000000000000000000000000000000000020c
[INFO ] 2025-06-02 18:48:01.376 - [CryptofishController.java:132] - tokenTemp : 524
[INFO ] 2025-06-02 18:48:01.376 - [CryptofishController.java:132] - tokenTemp : 524
[INFO ] 2025-06-02 18:48:12.897 - [CryptofishController.java:127] - log are empty for token in iteration  : 1
[INFO ] 2025-06-02 18:48:12.897 - [CryptofishController.java:127] - log are empty for token in iteration  : 1
